<?xml version="1.0" encoding="UTF-8"?>
<!-- Generated by org.testng.reporters.JUnitXMLReporter -->
<testsuite hostname="DESKTOP-54VABBU" ignored="0" name="Default test" tests="5" failures="0" timestamp="2023-03-16T22:41:53 IST" time="87.16" errors="0">
  <testcase name="loginTest" time="11.279" classname="script.TestScript"/>
  <testcase name="clickItems" time="10.966" classname="script.TestScript"/>
  <testcase name="clickItems" time="9.781" classname="script.TestScript"/>
  <testcase name="removeItems" time="5.007" classname="script.TestScript"/>
  <testcase name="purchase" time="14.165" classname="script.TestScript"/>
</testsuite> <!-- Default test -->
