<?xml version="1.0" encoding="UTF-8"?>
<!-- Generated by org.testng.reporters.JUnitXMLReporter -->
<testsuite hostname="DESKTOP-54VABBU" ignored="0" name="Default test" tests="5" failures="0" timestamp="2023-03-15T17:05:51 IST" time="51.446" errors="0">
  <testcase name="loginTest" time="7.513" classname="script.TestScript"/>
  <testcase name="ClickItems" time="8.241" classname="script.TestScript"/>
  <testcase name="ClickItems" time="8.612" classname="script.TestScript"/>
  <testcase name="RemoveItem" time="4.074" classname="script.TestScript"/>
  <testcase name="PlaceOrder" time="13.456" classname="script.TestScript"/>
</testsuite> <!-- Default test -->
